2022-02-28 00:31:49,877 [DEBUG] CloudFormation client initialized with endpoint https://cloudformation.us-east-2.amazonaws.com
2022-02-28 00:31:49,877 [DEBUG] SQS client initialized with endpoint https://sqs.us-east-2.amazonaws.com
2022-02-28 00:31:49,878 [DEBUG] CloudFormation client initialized with endpoint https://cloudformation.us-east-2.amazonaws.com
2022-02-28 00:31:49,878 [DEBUG] Enabled single threading mode.
2022-02-28 00:31:49,878 [DEBUG] Creating /var/lib/cfn-hup/data
2022-02-28 00:31:49,930 [INFO] No umask value specified in config file. Using the default one: 0o22
2022-02-28 00:31:50,630 [INFO] Refreshing listener credentials
2022-02-28 00:31:50,735 [INFO] Scheduling next credential refresh in 1799.0 seconds
2022-02-28 00:32:52,370 [INFO] Received command ElasticBeanstalkCommand-AWSEBAutoScalingGroup (invocation id: fa17f890-8d8e-4058-853d-18de5b4f1f11)
2022-02-28 00:32:52,371 [INFO] Running action for aws-eb-command-handler
2022-02-28 00:34:12,835 [INFO] Action for aws-eb-command-handler succeeded, returning SUCCESS
2022-02-28 00:36:53,131 [INFO] command processing is alive.
2022-02-28 00:37:32,244 [INFO] Received command ElasticBeanstalkCommand-AWSEBAutoScalingGroup (invocation id: d523cddc-5143-4f4c-b921-81d2d12591a0)
2022-02-28 00:37:32,244 [INFO] Running action for aws-eb-command-handler
2022-02-28 00:37:33,078 [INFO] Action for aws-eb-command-handler succeeded, returning SUCCESS
2022-02-28 00:41:08,888 [INFO] Received command ElasticBeanstalkCommand-AWSEBAutoScalingGroup (invocation id: 0a13c317-66fc-45d4-906f-b600b378b2be)
2022-02-28 00:41:08,888 [INFO] Running action for aws-eb-command-handler
2022-02-28 00:41:09,752 [INFO] Action for aws-eb-command-handler succeeded, returning SUCCESS
2022-02-28 00:41:46,007 [INFO] Received command ElasticBeanstalkCommand-AWSEBAutoScalingGroup (invocation id: c369c22b-3c2f-477e-8f66-25dbb03b8ba9)
2022-02-28 00:41:46,007 [INFO] Running action for aws-eb-command-handler
