2022-02-28T00:33:09.525403703Z image pull postgres:latest (name=postgres)
2022-02-28T00:33:39.370983691Z image pull python:3.8 (name=python)
2022-02-28T00:33:39.475225970Z container create 33eec4808e1e942b4a50b2082b8a912f63ea505f0897203c723c3845769e5a08 (image=sha256:d5453fc7b6f7b252a37e55ee5304e6f87fce36a44910f2a15c3891ada1867d52, name=flamboyant_einstein)
2022-02-28T00:33:39.558789375Z container destroy 33eec4808e1e942b4a50b2082b8a912f63ea505f0897203c723c3845769e5a08 (image=sha256:d5453fc7b6f7b252a37e55ee5304e6f87fce36a44910f2a15c3891ada1867d52, name=flamboyant_einstein)
2022-02-28T00:33:39.579344551Z container create 9205bc6f1e648663a48f08abf1cc3d1fbbe635c6828237d9c756171b92e868f2 (image=sha256:4ed107115bad048f1cae5555ca792d451a9c2532381c4849d6401a161cedae54, name=quizzical_gates)
2022-02-28T00:33:39.579573509Z container attach 9205bc6f1e648663a48f08abf1cc3d1fbbe635c6828237d9c756171b92e868f2 (image=sha256:4ed107115bad048f1cae5555ca792d451a9c2532381c4849d6401a161cedae54, name=quizzical_gates)
2022-02-28T00:33:39.693453735Z network connect 4b1087c4ca6e4aba201042513cfd462474ac82a633c14b6e618f40eb787e08bf (container=9205bc6f1e648663a48f08abf1cc3d1fbbe635c6828237d9c756171b92e868f2, name=bridge, type=bridge)
2022-02-28T00:33:41.109722010Z container start 9205bc6f1e648663a48f08abf1cc3d1fbbe635c6828237d9c756171b92e868f2 (image=sha256:4ed107115bad048f1cae5555ca792d451a9c2532381c4849d6401a161cedae54, name=quizzical_gates)
2022-02-28T00:33:41.208987463Z container die 9205bc6f1e648663a48f08abf1cc3d1fbbe635c6828237d9c756171b92e868f2 (exitCode=0, image=sha256:4ed107115bad048f1cae5555ca792d451a9c2532381c4849d6401a161cedae54, name=quizzical_gates)
2022-02-28T00:33:41.265428064Z network disconnect 4b1087c4ca6e4aba201042513cfd462474ac82a633c14b6e618f40eb787e08bf (container=9205bc6f1e648663a48f08abf1cc3d1fbbe635c6828237d9c756171b92e868f2, name=bridge, type=bridge)
2022-02-28T00:33:41.356496581Z container destroy 9205bc6f1e648663a48f08abf1cc3d1fbbe635c6828237d9c756171b92e868f2 (image=sha256:4ed107115bad048f1cae5555ca792d451a9c2532381c4849d6401a161cedae54, name=quizzical_gates)
2022-02-28T00:33:41.387408124Z container create 1631462a6fc659bb7300e4a5891f20cc790760fafb00347f4c57bc019eb17e36 (image=sha256:51bf7a366b72fdd49359c4acf07433990a829e9ecaf50c0cd46b583e54d38036, name=sad_sutherland)
2022-02-28T00:33:41.478453642Z container destroy 1631462a6fc659bb7300e4a5891f20cc790760fafb00347f4c57bc019eb17e36 (image=sha256:51bf7a366b72fdd49359c4acf07433990a829e9ecaf50c0cd46b583e54d38036, name=sad_sutherland)
2022-02-28T00:33:41.738576707Z container create 1c85990559bb15935f5b8ab839993aca1c25e48d47221b1311ae8818766f1507 (image=sha256:522ecb4d338129f9dbd33b176f96fc17d3b5a0218e338dd0e32e80d72cf0e2a5, name=practical_elbakyan)
2022-02-28T00:33:41.738816775Z container attach 1c85990559bb15935f5b8ab839993aca1c25e48d47221b1311ae8818766f1507 (image=sha256:522ecb4d338129f9dbd33b176f96fc17d3b5a0218e338dd0e32e80d72cf0e2a5, name=practical_elbakyan)
2022-02-28T00:33:41.816962292Z network connect 4b1087c4ca6e4aba201042513cfd462474ac82a633c14b6e618f40eb787e08bf (container=1c85990559bb15935f5b8ab839993aca1c25e48d47221b1311ae8818766f1507, name=bridge, type=bridge)
2022-02-28T00:33:42.245331324Z container start 1c85990559bb15935f5b8ab839993aca1c25e48d47221b1311ae8818766f1507 (image=sha256:522ecb4d338129f9dbd33b176f96fc17d3b5a0218e338dd0e32e80d72cf0e2a5, name=practical_elbakyan)
2022-02-28T00:33:54.585204607Z container die 1c85990559bb15935f5b8ab839993aca1c25e48d47221b1311ae8818766f1507 (exitCode=0, image=sha256:522ecb4d338129f9dbd33b176f96fc17d3b5a0218e338dd0e32e80d72cf0e2a5, name=practical_elbakyan)
2022-02-28T00:33:54.648393891Z network disconnect 4b1087c4ca6e4aba201042513cfd462474ac82a633c14b6e618f40eb787e08bf (container=1c85990559bb15935f5b8ab839993aca1c25e48d47221b1311ae8818766f1507, name=bridge, type=bridge)
2022-02-28T00:34:02.604044690Z container destroy 1c85990559bb15935f5b8ab839993aca1c25e48d47221b1311ae8818766f1507 (image=sha256:522ecb4d338129f9dbd33b176f96fc17d3b5a0218e338dd0e32e80d72cf0e2a5, name=practical_elbakyan)
2022-02-28T00:34:02.645155127Z container create 42d0221486d101396989b079aedad2a7bb7e9f5e775dfc39d108f6ee5471646d (image=sha256:ebc7462c2fab1e93c920d209b062fab53e0d208b0eb4ac4e277056437e5589d2, name=romantic_goodall)
2022-02-28T00:34:02.741043255Z container destroy 42d0221486d101396989b079aedad2a7bb7e9f5e775dfc39d108f6ee5471646d (image=sha256:ebc7462c2fab1e93c920d209b062fab53e0d208b0eb4ac4e277056437e5589d2, name=romantic_goodall)
2022-02-28T00:34:02.764613781Z container create 203151f33f2c921f80e9f0e7b470f9aa02bced784b383fdb9d69f0c1b3a1543e (image=sha256:f5787fa6d8af27d9437c999566530eca46808b077380489c16bdf325bf20bb1d, name=elated_hamilton)
2022-02-28T00:34:02.853397645Z container destroy 203151f33f2c921f80e9f0e7b470f9aa02bced784b383fdb9d69f0c1b3a1543e (image=sha256:f5787fa6d8af27d9437c999566530eca46808b077380489c16bdf325bf20bb1d, name=elated_hamilton)
2022-02-28T00:34:02.861127244Z image tag sha256:8197115dafcd13e7a73790718c70f49607cce141e47c18de2f231bfb7e793993 (name=staging_web:latest)
2022-02-28T00:34:05.325091871Z image tag sha256:8197115dafcd13e7a73790718c70f49607cce141e47c18de2f231bfb7e793993 (name=current_web:latest)
2022-02-28T00:34:05.409585257Z image untag sha256:8197115dafcd13e7a73790718c70f49607cce141e47c18de2f231bfb7e793993 (name=sha256:8197115dafcd13e7a73790718c70f49607cce141e47c18de2f231bfb7e793993)
2022-02-28T00:34:06.699984080Z network create fbcc4aaa7cedeb642ab94e8b06c66785e2f15c0a562d77b49c12d45baf6857bb (name=current_default, type=bridge)
2022-02-28T00:34:07.340097657Z volume create 101b9df547e191bab7b16cf3fe86358e5120c0c992083968c49c318375d4907a (driver=local)
2022-02-28T00:34:07.353013194Z container create 9ae193095b53fbeffc6e75f95df95a103242c6ec46d1f8b751349bdf62e54ee1 (com.docker.compose.config-hash=38f04d356ef3ab942e8c9781ac11d36f4c8da164fcedb4c0e955813b31ea6060, com.docker.compose.container-number=1, com.docker.compose.oneoff=False, com.docker.compose.project=current, com.docker.compose.project.config_files=docker-compose.yml, com.docker.compose.project.working_dir=/var/app/current, com.docker.compose.service=db, com.docker.compose.version=1.29.2, image=postgres, name=current_db_1)
2022-02-28T00:34:07.367211394Z network disconnect fbcc4aaa7cedeb642ab94e8b06c66785e2f15c0a562d77b49c12d45baf6857bb (container=9ae193095b53fbeffc6e75f95df95a103242c6ec46d1f8b751349bdf62e54ee1, name=current_default, type=bridge)
2022-02-28T00:34:07.739386671Z network connect fbcc4aaa7cedeb642ab94e8b06c66785e2f15c0a562d77b49c12d45baf6857bb (container=9ae193095b53fbeffc6e75f95df95a103242c6ec46d1f8b751349bdf62e54ee1, name=current_default, type=bridge)
2022-02-28T00:34:07.743505143Z volume mount 101b9df547e191bab7b16cf3fe86358e5120c0c992083968c49c318375d4907a (container=9ae193095b53fbeffc6e75f95df95a103242c6ec46d1f8b751349bdf62e54ee1, destination=/var/lib/postgresql/data, driver=local, propagation=, read/write=true)
2022-02-28T00:34:08.304399398Z container start 9ae193095b53fbeffc6e75f95df95a103242c6ec46d1f8b751349bdf62e54ee1 (com.docker.compose.config-hash=38f04d356ef3ab942e8c9781ac11d36f4c8da164fcedb4c0e955813b31ea6060, com.docker.compose.container-number=1, com.docker.compose.oneoff=False, com.docker.compose.project=current, com.docker.compose.project.config_files=docker-compose.yml, com.docker.compose.project.working_dir=/var/app/current, com.docker.compose.service=db, com.docker.compose.version=1.29.2, image=postgres, name=current_db_1)
2022-02-28T00:34:08.341944455Z container create 8fd99e079c21d1e54af09d4bd3594d3718087cea49b65eb06ae5b89895c06a9f (com.docker.compose.config-hash=f1326ea21214c27124cb1ba33ca4630c509125e212a22ebb3318b533d6de1f5e, com.docker.compose.container-number=1, com.docker.compose.oneoff=False, com.docker.compose.project=current, com.docker.compose.project.config_files=docker-compose.yml, com.docker.compose.project.working_dir=/var/app/current, com.docker.compose.service=web, com.docker.compose.version=1.29.2, image=current_web, name=code)
2022-02-28T00:34:08.354898575Z network disconnect fbcc4aaa7cedeb642ab94e8b06c66785e2f15c0a562d77b49c12d45baf6857bb (container=8fd99e079c21d1e54af09d4bd3594d3718087cea49b65eb06ae5b89895c06a9f, name=current_default, type=bridge)
2022-02-28T00:34:08.455586551Z network connect fbcc4aaa7cedeb642ab94e8b06c66785e2f15c0a562d77b49c12d45baf6857bb (container=8fd99e079c21d1e54af09d4bd3594d3718087cea49b65eb06ae5b89895c06a9f, name=current_default, type=bridge)
2022-02-28T00:34:09.160959629Z container start 8fd99e079c21d1e54af09d4bd3594d3718087cea49b65eb06ae5b89895c06a9f (com.docker.compose.config-hash=f1326ea21214c27124cb1ba33ca4630c509125e212a22ebb3318b533d6de1f5e, com.docker.compose.container-number=1, com.docker.compose.oneoff=False, com.docker.compose.project=current, com.docker.compose.project.config_files=docker-compose.yml, com.docker.compose.project.working_dir=/var/app/current, com.docker.compose.service=web, com.docker.compose.version=1.29.2, image=current_web, name=code)
2022-02-28T00:34:12.622119210Z image tag sha256:8197115dafcd13e7a73790718c70f49607cce141e47c18de2f231bfb7e793993 (name=current_web:latest)
2022-02-28T00:34:12.713838655Z image tag sha256:d5453fc7b6f7b252a37e55ee5304e6f87fce36a44910f2a15c3891ada1867d52 (name=python:3.8)
2022-02-28T00:34:12.798631658Z image tag sha256:6a3c448721086c9c2e35f8f321bab7949e5583cbadabd97c4b2a835c7a09be16 (name=postgres:latest)
