[2022-02-28T00:31:42Z] Started EB User Data
+ SLEEP_TIME=10
+ SLEEP_TIME_MAX=3600
+ true
+ curl https://elasticbeanstalk-platform-assets-us-east-2.s3.us-east-2.amazonaws.com/stalks/eb_docker_amazon_linux_2_1.0.1844.0_20220128202135/lib/UserDataScript.sh
  % Total    % Received % Xferd  Average Speed   Time    Time     Time  Current
                                 Dload  Upload   Total   Spent    Left  Speed
  0     0    0     0    0     0      0      0 --:--:-- --:--:-- --:--:--     0100  4627  100  4627    0     0  73340      0 --:--:-- --:--:-- --:--:-- 74629
+ RESULT=0
+ [[ 0 -ne 0 ]]
+ SLEEP_TIME=2
+ /bin/bash /tmp/ebbootstrap.sh 'https://cloudformation-waitcondition-us-east-2.s3.us-east-2.amazonaws.com/arn%3Aaws%3Acloudformation%3Aus-east-2%3A765477932160%3Astack/awseb-e-hqw6zumzfp-stack/a12e7750-982d-11ec-943c-0aa36f14ef94/AWSEBInstanceLaunchWaitHandle?X-Amz-Algorithm=AWS4-HMAC-SHA256&X-Amz-Date=20220228T003033Z&X-Amz-SignedHeaders=host&X-Amz-Expires=86399&X-Amz-Credential=AKIAVRFIPK6PBGAVDDLE%2F20220228%2Fus-east-2%2Fs3%2Faws4_request&X-Amz-Signature=a01ecf1c8d882220b2d75c57d929671acd3018a92152290c22ed145ea4df2bff' arn:aws:cloudformation:us-east-2:765477932160:stack/awseb-e-hqw6zumzfp-stack/a12e7750-982d-11ec-943c-0aa36f14ef94 2592dc8b-4fe2-4d0f-964c-a5ece20bbb07 https://elasticbeanstalk-health.us-east-2.amazonaws.com '' https://elasticbeanstalk-platform-assets-us-east-2.s3.us-east-2.amazonaws.com/stalks/eb_docker_amazon_linux_2_1.0.1844.0_20220128202135 us-east-2
[2022-02-28T00:31:42.459Z] Started EB Bootstrapping Script.
[2022-02-28T00:31:42.476Z] Received parameters:
 TARBALLS = 
 EB_GEMS = 
 SIGNAL_URL = https://cloudformation-waitcondition-us-east-2.s3.us-east-2.amazonaws.com/arn%3Aaws%3Acloudformation%3Aus-east-2%3A765477932160%3Astack/awseb-e-hqw6zumzfp-stack/a12e7750-982d-11ec-943c-0aa36f14ef94/AWSEBInstanceLaunchWaitHandle?X-Amz-Algorithm=AWS4-HMAC-SHA256&X-Amz-Date=20220228T003033Z&X-Amz-SignedHeaders=host&X-Amz-Expires=86399&X-Amz-Credential=AKIAVRFIPK6PBGAVDDLE%2F20220228%2Fus-east-2%2Fs3%2Faws4_request&X-Amz-Signature=a01ecf1c8d882220b2d75c57d929671acd3018a92152290c22ed145ea4df2bff
 STACK_ID = arn:aws:cloudformation:us-east-2:765477932160:stack/awseb-e-hqw6zumzfp-stack/a12e7750-982d-11ec-943c-0aa36f14ef94
 REGION = us-east-2
 GUID = 
 HEALTHD_GROUP_ID = 2592dc8b-4fe2-4d0f-964c-a5ece20bbb07
 HEALTHD_ENDPOINT = https://elasticbeanstalk-health.us-east-2.amazonaws.com
 PROXY_SERVER = 
 HEALTHD_PROXY_LOG_LOCATION = 
 PLATFORM_ASSETS_URL = https://elasticbeanstalk-platform-assets-us-east-2.s3.us-east-2.amazonaws.com/stalks/eb_docker_amazon_linux_2_1.0.1844.0_20220128202135
[2022-02-28T00:31:42.550Z] engine url is set to https://elasticbeanstalk-platform-assets-us-east-2.s3.us-east-2.amazonaws.com/stalks/eb_docker_amazon_linux_2_1.0.1844.0_20220128202135/lib/platform-engine.zip
[2022-02-28T00:31:42.594Z] first init of instance.
[2022-02-28T00:31:42.611Z] Started executing cfn_init _OnInstanceBoot.
[2022-02-28T00:31:42.626Z] Running cfn-init ConfigSet: _OnInstanceBoot.
[2022-02-28T00:31:42.642Z] Using stack-id from userdata
[2022-02-28T00:31:44.230Z] Command Returned: 
[2022-02-28T00:31:44.235Z] Completed executing cfn_init.
[2022-02-28T00:31:44.241Z] finished _OnInstanceBoot
--2022-02-28 00:31:44--  https://elasticbeanstalk-platform-assets-us-east-2.s3.us-east-2.amazonaws.com/stalks/eb_docker_amazon_linux_2_1.0.1844.0_20220128202135/lib/platform-engine.zip
Resolving elasticbeanstalk-platform-assets-us-east-2.s3.us-east-2.amazonaws.com (elasticbeanstalk-platform-assets-us-east-2.s3.us-east-2.amazonaws.com)... 52.219.141.74
Connecting to elasticbeanstalk-platform-assets-us-east-2.s3.us-east-2.amazonaws.com (elasticbeanstalk-platform-assets-us-east-2.s3.us-east-2.amazonaws.com)|52.219.141.74|:443... connected.
HTTP request sent, awaiting response... 200 OK
Length: 33159192 (32M) [application/zip]
Saving to: ‘/tmp/platform-engine.zip’

     0K .......... .......... .......... .......... ..........  0% 55.5M 1s
    50K .......... .......... .......... .......... ..........  0% 13.6M 1s
   100K .......... .......... .......... .......... ..........  0% 3.80M 4s
   150K .......... .......... .......... .......... ..........  0%  226M 3s
   200K .......... .......... .......... .......... ..........  0% 69.5M 2s
   250K .......... .......... .......... .......... ..........  0%  109M 2s
   300K .......... .......... .......... .......... ..........  1%  227M 2s
   350K .......... .......... .......... .......... ..........  1%  167M 2s
   400K .......... .......... .......... .......... ..........  1%  232M 1s
   450K .......... .......... .......... .......... ..........  1% 11.3M 2s
   500K .......... .......... .......... .......... ..........  1%  212M 1s
   550K .......... .......... .......... .......... ..........  1% 92.6M 1s
   600K .......... .......... .......... .......... ..........  2%  171M 1s
   650K .......... .......... .......... .......... ..........  2%  109M 1s
   700K .......... .......... .......... .......... ..........  2%  133M 1s
   750K .......... .......... .......... .......... ..........  2%  143M 1s
   800K .......... .......... .......... .......... ..........  2%  174M 1s
   850K .......... .......... .......... .......... ..........  2%  118M 1s
   900K .......... .......... .......... .......... ..........  2%  168M 1s
   950K .......... .......... .......... .......... ..........  3%  146M 1s
  1000K .......... .......... .......... .......... ..........  3%  234M 1s
  1050K .......... .......... .......... .......... ..........  3%  117M 1s
  1100K .......... .......... .......... .......... ..........  3%  101M 1s
  1150K .......... .......... .......... .......... ..........  3% 83.9M 1s
  1200K .......... .......... .......... .......... ..........  3% 97.7M 1s
  1250K .......... .......... .......... .......... ..........  4%  100M 1s
  1300K .......... .......... .......... .......... ..........  4% 85.8M 1s
  1350K .......... .......... .......... .......... ..........  4% 52.8M 1s
  1400K .......... .......... .......... .......... ..........  4% 11.5M 1s
  1450K .......... .......... .......... .......... ..........  4% 84.1M 1s
  1500K .......... .......... .......... .......... ..........  4% 90.8M 1s
  1550K .......... .......... .......... .......... ..........  4% 94.5M 1s
  1600K .......... .......... .......... .......... ..........  5% 93.2M 1s
  1650K .......... .......... .......... .......... ..........  5% 93.4M 1s
  1700K .......... .......... .......... .......... ..........  5% 92.8M 1s
  1750K .......... .......... .......... .......... ..........  5% 98.3M 1s
  1800K .......... .......... .......... .......... ..........  5%  100M 1s
  1850K .......... .......... .......... .......... ..........  5%  103M 1s
  1900K .......... .......... .......... .......... ..........  6% 92.8M 1s
  1950K .......... .......... .......... .......... ..........  6% 94.1M 1s
  2000K .......... .......... .......... .......... ..........  6% 6.64M 1s
  2050K .......... .......... .......... .......... ..........  6% 91.6M 1s
  2100K .......... .......... .......... .......... ..........  6% 4.95M 1s
  2150K .......... .......... .......... .......... ..........  6%  221M 1s
  2200K .......... .......... .......... .......... ..........  6% 76.1M 1s
  2250K .......... .......... .......... .......... ..........  7%  127M 1s
  2300K .......... .......... .......... .......... ..........  7%  157M 1s
  2350K .......... .......... .......... .......... ..........  7%  151M 1s
  2400K .......... .......... .......... .......... ..........  7%  117M 1s
  2450K .......... .......... .......... .......... ..........  7%  165M 1s
  2500K .......... .......... .......... .......... ..........  7%  117M 1s
  2550K .......... .......... .......... .......... ..........  8% 87.6M 1s
  2600K .......... .......... .......... .......... ..........  8% 96.0M 1s
  2650K .......... .......... .......... .......... ..........  8% 86.6M 1s
  2700K .......... .......... .......... .......... ..........  8% 98.5M 1s
  2750K .......... .......... .......... .......... ..........  8% 80.1M 1s
  2800K .......... .......... .......... .......... ..........  8% 65.9M 1s
  2850K .......... .......... .......... .......... ..........  8%  107M 1s
  2900K .......... .......... .......... .......... ..........  9% 84.2M 1s
  2950K .......... .......... .......... .......... ..........  9% 69.6M 1s
  3000K .......... .......... .......... .......... ..........  9% 85.8M 1s
  3050K .......... .......... .......... .......... ..........  9% 96.5M 1s
  3100K .......... .......... .......... .......... ..........  9% 63.6M 1s
  3150K .......... .......... .......... .......... ..........  9% 94.7M 1s
  3200K .......... .......... .......... .......... .......... 10% 95.8M 1s
  3250K .......... .......... .......... .......... .......... 10% 78.1M 1s
  3300K .......... .......... .......... .......... .......... 10%  107M 1s
  3350K .......... .......... .......... .......... .......... 10% 94.5M 1s
  3400K .......... .......... .......... .......... .......... 10% 87.7M 1s
  3450K .......... .......... .......... .......... .......... 10% 94.1M 1s
  3500K .......... .......... .......... .......... .......... 10% 94.6M 1s
  3550K .......... .......... .......... .......... .......... 11% 5.61M 1s
  3600K .......... .......... .......... .......... .......... 11% 88.8M 1s
  3650K .......... .......... .......... .......... .......... 11% 96.5M 1s
  3700K .......... .......... .......... .......... .......... 11%  104M 1s
  3750K .......... .......... .......... .......... .......... 11% 93.9M 1s
  3800K .......... .......... .......... .......... .......... 11% 90.5M 1s
  3850K .......... .......... .......... .......... .......... 12% 94.9M 1s
  3900K .......... .......... .......... .......... .......... 12% 94.3M 1s
  3950K .......... .......... .......... .......... .......... 12% 93.7M 1s
  4000K .......... .......... .......... .......... .......... 12% 90.2M 1s
  4050K .......... .......... .......... .......... .......... 12% 91.5M 1s
  4100K .......... .......... .......... .......... .......... 12% 99.2M 1s
  4150K .......... .......... .......... .......... .......... 12% 91.5M 1s
  4200K .......... .......... .......... .......... .......... 13% 93.2M 1s
  4250K .......... .......... .......... .......... .......... 13%  101M 1s
  4300K .......... .......... .......... .......... .......... 13% 5.43M 1s
  4350K .......... .......... .......... .......... .......... 13%  233M 1s
  4400K .......... .......... .......... .......... .......... 13% 71.3M 1s
  4450K .......... .......... .......... .......... .......... 13%  170M 1s
  4500K .......... .......... .......... .......... .......... 14%  149M 1s
  4550K .......... .......... .......... .......... .......... 14% 78.6M 1s
  4600K .......... .......... .......... .......... .......... 14% 57.0M 1s
  4650K .......... .......... .......... .......... .......... 14% 58.4M 1s
  4700K .......... .......... .......... .......... .......... 14% 59.6M 1s
  4750K .......... .......... .......... .......... .......... 14% 73.5M 1s
  4800K .......... .......... .......... .......... .......... 14% 82.8M 1s
  4850K .......... .......... .......... .......... .......... 15%  101M 1s
  4900K .......... .......... .......... .......... .......... 15% 92.5M 1s
  4950K .......... .......... .......... .......... .......... 15% 80.9M 1s
  5000K .......... .......... .......... .......... .......... 15% 65.2M 1s
  5050K .......... .......... .......... .......... .......... 15% 86.7M 1s
  5100K .......... .......... .......... .......... .......... 15% 10.2M 1s
  5150K .......... .......... .......... .......... .......... 16%  101M 1s
  5200K .......... .......... .......... .......... .......... 16% 82.3M 1s
  5250K .......... .......... .......... .......... .......... 16% 7.65M 1s
  5300K .......... .......... .......... .......... .......... 16% 82.8M 1s
  5350K .......... .......... .......... .......... .......... 16% 98.1M 1s
  5400K .......... .......... .......... .......... .......... 16% 81.4M 1s
  5450K .......... .......... .......... .......... .......... 16% 61.2M 1s
  5500K .......... .......... .......... .......... .......... 17% 79.3M 1s
  5550K .......... .......... .......... .......... .......... 17% 95.8M 1s
  5600K .......... .......... .......... .......... .......... 17%  100M 1s
  5650K .......... .......... .......... .......... .......... 17% 95.0M 1s
  5700K .......... .......... .......... .......... .......... 17% 59.3M 1s
  5750K .......... .......... .......... .......... .......... 17% 66.6M 1s
  5800K .......... .......... .......... .......... .......... 18% 97.6M 1s
  5850K .......... .......... .......... .......... .......... 18% 85.3M 1s
  5900K .......... .......... .......... .......... .......... 18% 65.6M 1s
  5950K .......... .......... .......... .......... .......... 18% 95.2M 1s
  6000K .......... .......... .......... .......... .......... 18% 5.64M 1s
  6050K .......... .......... .......... .......... .......... 18% 90.7M 1s
  6100K .......... .......... .......... .......... .......... 18% 26.2M 1s
  6150K .......... .......... .......... .......... .......... 19% 63.8M 1s
  6200K .......... .......... .......... .......... .......... 19% 49.9M 1s
  6250K .......... .......... .......... .......... .......... 19% 54.2M 1s
  6300K .......... .......... .......... .......... .......... 19% 55.5M 1s
  6350K .......... .......... .......... .......... .......... 19% 31.5M 1s
  6400K .......... .......... .......... .......... .......... 19% 55.1M 1s
  6450K .......... .......... .......... .......... .......... 20% 62.1M 1s
  6500K .......... .......... .......... .......... .......... 20% 61.6M 1s
  6550K .......... .......... .......... .......... .......... 20% 34.1M 1s
  6600K .......... .......... .......... .......... .......... 20% 58.6M 1s
  6650K .......... .......... .......... .......... .......... 20% 4.91M 1s
  6700K .......... .......... .......... .......... .......... 20% 63.8M 1s
  6750K .......... .......... .......... .......... .......... 20% 79.5M 1s
  6800K .......... .......... .......... .......... .......... 21% 63.2M 1s
  6850K .......... .......... .......... .......... .......... 21% 30.7M 1s
  6900K .......... .......... .......... .......... .......... 21% 64.8M 1s
  6950K .......... .......... .......... .......... .......... 21% 34.7M 1s
  7000K .......... .......... .......... .......... .......... 21% 41.7M 1s
  7050K .......... .......... .......... .......... .......... 21%  198M 1s
  7100K .......... .......... .......... .......... .......... 22%  175M 1s
  7150K .......... .......... .......... .......... .......... 22% 51.2M 1s
  7200K .......... .......... .......... .......... .......... 22%  270M 1s
  7250K .......... .......... .......... .......... .......... 22%  188M 1s
  7300K .......... .......... .......... .......... .......... 22%  196M 1s
  7350K .......... .......... .......... .......... .......... 22%  178M 1s
  7400K .......... .......... .......... .......... .......... 23% 70.4M 1s
  7450K .......... .......... .......... .......... .......... 23% 37.5M 1s
  7500K .......... .......... .......... .......... .......... 23% 74.7M 1s
  7550K .......... .......... .......... .......... .......... 23% 79.6M 1s
  7600K .......... .......... .......... .......... .......... 23% 92.3M 1s
  7650K .......... .......... .......... .......... .......... 23%  108M 1s
  7700K .......... .......... .......... .......... .......... 23%  102M 1s
  7750K .......... .......... .......... .......... .......... 24% 5.83M 1s
  7800K .......... .......... .......... .......... .......... 24% 97.8M 1s
  7850K .......... .......... .......... .......... .......... 24%  101M 1s
  7900K .......... .......... .......... .......... .......... 24%  102M 1s
  7950K .......... .......... .......... .......... .......... 24% 86.9M 1s
  8000K .......... .......... .......... .......... .......... 24% 71.0M 1s
  8050K .......... .......... .......... .......... .......... 25%  106M 1s
  8100K .......... .......... .......... .......... .......... 25%  100M 1s
  8150K .......... .......... .......... .......... .......... 25%  101M 1s
  8200K .......... .......... .......... .......... .......... 25%  101M 1s
  8250K .......... .......... .......... .......... .......... 25% 99.2M 1s
  8300K .......... .......... .......... .......... .......... 25% 98.2M 1s
  8350K .......... .......... .......... .......... .......... 25%  102M 1s
  8400K .......... .......... .......... .......... .......... 26% 99.4M 1s
  8450K .......... .......... .......... .......... .......... 26% 89.7M 1s
  8500K .......... .......... .......... .......... .......... 26% 82.7M 1s
  8550K .......... .......... .......... .......... .......... 26% 29.4M 1s
  8600K .......... .......... .......... .......... .......... 26% 71.9M 1s
  8650K .......... .......... .......... .......... .......... 26% 60.9M 1s
  8700K .......... .......... .......... .......... .......... 27% 33.9M 1s
  8750K .......... .......... .......... .......... .......... 27% 76.0M 1s
  8800K .......... .......... .......... .......... .......... 27% 8.08M 1s
  8850K .......... .......... .......... .......... .......... 27% 90.3M 1s
  8900K .......... .......... .......... .......... .......... 27%  112M 1s
  8950K .......... .......... .......... .......... .......... 27% 94.9M 1s
  9000K .......... .......... .......... .......... .......... 27% 64.6M 1s
  9050K .......... .......... .......... .......... .......... 28% 97.2M 1s
  9100K .......... .......... .......... .......... .......... 28%  100M 1s
  9150K .......... .......... .......... .......... .......... 28%  101M 1s
  9200K .......... .......... .......... .......... .......... 28% 93.8M 1s
  9250K .......... .......... .......... .......... .......... 28% 99.0M 1s
  9300K .......... .......... .......... .......... .......... 28%  102M 1s
  9350K .......... .......... .......... .......... .......... 29%  112M 1s
  9400K .......... .......... .......... .......... .......... 29%  101M 1s
  9450K .......... .......... .......... .......... .......... 29% 95.3M 0s
  9500K .......... .......... .......... .......... .......... 29% 6.81M 1s
  9550K .......... .......... .......... .......... .......... 29% 88.3M 1s
  9600K .......... .......... .......... .......... .......... 29% 89.5M 1s
  9650K .......... .......... .......... .......... .......... 29% 67.5M 1s
  9700K .......... .......... .......... .......... .......... 30% 92.9M 1s
  9750K .......... .......... .......... .......... .......... 30%  113M 0s
  9800K .......... .......... .......... .......... .......... 30%  101M 0s
  9850K .......... .......... .......... .......... .......... 30% 96.9M 0s
  9900K .......... .......... .......... .......... .......... 30%  101M 0s
  9950K .......... .......... .......... .......... .......... 30%  101M 0s
 10000K .......... .......... .......... .......... .......... 31% 98.9M 0s
 10050K .......... .......... .......... .......... .......... 31% 87.7M 0s
 10100K .......... .......... .......... .......... .......... 31% 92.1M 0s
 10150K .......... .......... .......... .......... .......... 31%  100M 0s
 10200K .......... .......... .......... .......... .......... 31% 97.7M 0s
 10250K .......... .......... .......... .......... .......... 31% 7.48M 0s
 10300K .......... .......... .......... .......... .......... 31% 39.5M 0s
 10350K .......... .......... .......... .......... .......... 32% 35.0M 0s
 10400K .......... .......... .......... .......... .......... 32% 77.8M 0s
 10450K .......... .......... .......... .......... .......... 32% 94.2M 0s
 10500K .......... .......... .......... .......... .......... 32%  100M 0s
 10550K .......... .......... .......... .......... .......... 32% 89.4M 0s
 10600K .......... .......... .......... .......... .......... 32% 85.5M 0s
 10650K .......... .......... .......... .......... .......... 33% 82.1M 0s
 10700K .......... .......... .......... .......... .......... 33% 89.0M 0s
 10750K .......... .......... .......... .......... .......... 33%  101M 0s
 10800K .......... .......... .......... .......... .......... 33% 10.6M 0s
 10850K .......... .......... .......... .......... .......... 33% 96.7M 0s
 10900K .......... .......... .......... .......... .......... 33% 92.8M 0s
 10950K .......... .......... .......... .......... .......... 33% 98.6M 0s
 11000K .......... .......... .......... .......... .......... 34%  106M 0s
 11050K .......... .......... .......... .......... .......... 34%  115M 0s
 11100K .......... .......... .......... .......... .......... 34% 90.0M 0s
 11150K .......... .......... .......... .......... .......... 34% 68.9M 0s
 11200K .......... .......... .......... .......... .......... 34% 90.1M 0s
 11250K .......... .......... .......... .......... .......... 34% 88.5M 0s
 11300K .......... .......... .......... .......... .......... 35% 99.8M 0s
 11350K .......... .......... .......... .......... .......... 35% 98.8M 0s
 11400K .......... .......... .......... .......... .......... 35%  100M 0s
 11450K .......... .......... .......... .......... .......... 35% 11.1M 0s
 11500K .......... .......... .......... .......... .......... 35% 99.5M 0s
 11550K .......... .......... .......... .......... .......... 35% 98.5M 0s
 11600K .......... .......... .......... .......... .......... 35% 98.4M 0s
 11650K .......... .......... .......... .......... .......... 36% 85.7M 0s
 11700K .......... .......... .......... .......... .......... 36% 27.7M 0s
 11750K .......... .......... .......... .......... .......... 36% 90.7M 0s
 11800K .......... .......... .......... .......... .......... 36% 78.3M 0s
 11850K .......... .......... .......... .......... .......... 36% 68.9M 0s
 11900K .......... .......... .......... .......... .......... 36% 75.1M 0s
 11950K .......... .......... .......... .......... .......... 37% 7.70M 0s
 12000K .......... .......... .......... .......... .......... 37% 86.4M 0s
 12050K .......... .......... .......... .......... .......... 37% 66.3M 0s
 12100K .......... .......... .......... .......... .......... 37% 85.5M 0s
 12150K .......... .......... .......... .......... .......... 37%  101M 0s
 12200K .......... .......... .......... .......... .......... 37% 98.9M 0s
 12250K .......... .......... .......... .......... .......... 37%  101M 0s
 12300K .......... .......... .......... .......... .......... 38%  114M 0s
 12350K .......... .......... .......... .......... .......... 38% 99.4M 0s
 12400K .......... .......... .......... .......... .......... 38%  100M 0s
 12450K .......... .......... .......... .......... .......... 38%  101M 0s
 12500K .......... .......... .......... .......... .......... 38% 91.2M 0s
 12550K .......... .......... .......... .......... .......... 38% 7.76M 0s
 12600K .......... .......... .......... .......... .......... 39% 96.0M 0s
 12650K .......... .......... .......... .......... .......... 39%  102M 0s
 12700K .......... .......... .......... .......... .......... 39%  100M 0s
 12750K .......... .......... .......... .......... .......... 39%  113M 0s
 12800K .......... .......... .......... .......... .......... 39%  101M 0s
 12850K .......... .......... .......... .......... .......... 39%  102M 0s
 12900K .......... .......... .......... .......... .......... 39% 99.9M 0s
 12950K .......... .......... .......... .......... .......... 40%  101M 0s
 13000K .......... .......... .......... .......... .......... 40%  102M 0s
 13050K .......... .......... .......... .......... .......... 40% 97.5M 0s
 13100K .......... .......... .......... .......... .......... 40% 99.7M 0s
 13150K .......... .......... .......... .......... .......... 40%  103M 0s
 13200K .......... .......... .......... .......... .......... 40% 65.8M 0s
 13250K .......... .......... .......... .......... .......... 41% 98.3M 0s
 13300K .......... .......... .......... .......... .......... 41%  101M 0s
 13350K .......... .......... .......... .......... .......... 41%  100M 0s
 13400K .......... .......... .......... .......... .......... 41%  101M 0s
 13450K .......... .......... .......... .......... .......... 41% 99.2M 0s
 13500K .......... .......... .......... .......... .......... 41% 55.5M 0s
 13550K .......... .......... .......... .......... .......... 41% 6.28M 0s
 13600K .......... .......... .......... .......... .......... 42%  114M 0s
 13650K .......... .......... .......... .......... .......... 42%  100M 0s
 13700K .......... .......... .......... .......... .......... 42%  100M 0s
 13750K .......... .......... .......... .......... .......... 42% 93.6M 0s
 13800K .......... .......... .......... .......... .......... 42% 97.1M 0s
 13850K .......... .......... .......... .......... .......... 42% 98.7M 0s
 13900K .......... .......... .......... .......... .......... 43% 93.9M 0s
 13950K .......... .......... .......... .......... .......... 43% 62.2M 0s
 14000K .......... .......... .......... .......... .......... 43%  103M 0s
 14050K .......... .......... .......... .......... .......... 43% 86.0M 0s
 14100K .......... .......... .......... .......... .......... 43% 98.4M 0s
 14150K .......... .......... .......... .......... .......... 43% 98.6M 0s
 14200K .......... .......... .......... .......... .......... 44% 97.3M 0s
 14250K .......... .......... .......... .......... .......... 44%  101M 0s
 14300K .......... .......... .......... .......... .......... 44% 92.3M 0s
 14350K .......... .......... .......... .......... .......... 44% 98.3M 0s
 14400K .......... .......... .......... .......... .......... 44%  102M 0s
 14450K .......... .......... .......... .......... .......... 44%  112M 0s
 14500K .......... .......... .......... .......... .......... 44% 95.0M 0s
 14550K .......... .......... .......... .......... .......... 45% 61.1M 0s
 14600K .......... .......... .......... .......... .......... 45% 96.7M 0s
 14650K .......... .......... .......... .......... .......... 45% 98.2M 0s
 14700K .......... .......... .......... .......... .......... 45% 92.8M 0s
 14750K .......... .......... .......... .......... .......... 45%  100M 0s
 14800K .......... .......... .......... .......... .......... 45% 97.9M 0s
 14850K .......... .......... .......... .......... .......... 46% 6.27M 0s
 14900K .......... .......... .......... .......... .......... 46%  100M 0s
 14950K .......... .......... .......... .......... .......... 46% 96.0M 0s
 15000K .......... .......... .......... .......... .......... 46%  100M 0s
 15050K .......... .......... .......... .......... .......... 46%  101M 0s
 15100K .......... .......... .......... .......... .......... 46% 98.7M 0s
 15150K .......... .......... .......... .......... .......... 46% 89.5M 0s
 15200K .......... .......... .......... .......... .......... 47% 62.2M 0s
 15250K .......... .......... .......... .......... .......... 47%  103M 0s
 15300K .......... .......... .......... .......... .......... 47%  113M 0s
 15350K .......... .......... .......... .......... .......... 47%  101M 0s
 15400K .......... .......... .......... .......... .......... 47% 97.1M 0s
 15450K .......... .......... .......... .......... .......... 47%  101M 0s
 15500K .......... .......... .......... .......... .......... 48%  101M 0s
 15550K .......... .......... .......... .......... .......... 48% 93.3M 0s
 15600K .......... .......... .......... .......... .......... 48% 99.9M 0s
 15650K .......... .......... .......... .......... .......... 48%  101M 0s
 15700K .......... .......... .......... .......... .......... 48% 93.3M 0s
 15750K .......... .......... .......... .......... .......... 48% 96.9M 0s
 15800K .......... .......... .......... .......... .......... 48% 96.0M 0s
 15850K .......... .......... .......... .......... .......... 49% 95.0M 0s
 15900K .......... .......... .......... .......... .......... 49% 60.6M 0s
 15950K .......... .......... .......... .......... .......... 49% 82.7M 0s
 16000K .......... .......... .......... .......... .......... 49% 85.6M 0s
 16050K .......... .......... .......... .......... .......... 49% 7.46M 0s
 16100K .......... .......... .......... .......... .......... 49%  103M 0s
 16150K .......... .......... .......... .......... .......... 50%  112M 0s
 16200K .......... .......... .......... .......... .......... 50%  101M 0s
 16250K .......... .......... .......... .......... .......... 50% 99.9M 0s
 16300K .......... .......... .......... .......... .......... 50% 96.8M 0s
 16350K .......... .......... .......... .......... .......... 50%  100M 0s
 16400K .......... .......... .......... .......... .......... 50%  101M 0s
 16450K .......... .......... .......... .......... .......... 50%  101M 0s
 16500K .......... .......... .......... .......... .......... 51% 91.9M 0s
 16550K .......... .......... .......... .......... .......... 51%  107M 0s
 16600K .......... .......... .......... .......... .......... 51% 72.0M 0s
 16650K .......... .......... .......... .......... .......... 51% 72.0M 0s
 16700K .......... .......... .......... .......... .......... 51% 95.8M 0s
 16750K .......... .......... .......... .......... .......... 51% 93.0M 0s
 16800K .......... .......... .......... .......... .......... 52% 86.7M 0s
 16850K .......... .......... .......... .......... .......... 52% 83.1M 0s
 16900K .......... .......... .......... .......... .......... 52% 64.4M 0s
 16950K .......... .......... .......... .......... .......... 52% 90.9M 0s
 17000K .......... .......... .......... .......... .......... 52% 7.39M 0s
 17050K .......... .......... .......... .......... .......... 52%  101M 0s
 17100K .......... .......... .......... .......... .......... 52% 94.9M 0s
 17150K .......... .......... .......... .......... .......... 53% 66.1M 0s
 17200K .......... .......... .......... .......... .......... 53%  105M 0s
 17250K .......... .......... .......... .......... .......... 53% 7.91M 0s
 17300K .......... .......... .......... .......... .......... 53% 98.8M 0s
 17350K .......... .......... .......... .......... .......... 53% 94.3M 0s
 17400K .......... .......... .......... .......... .......... 53% 83.7M 0s
 17450K .......... .......... .......... .......... .......... 54% 75.1M 0s
 17500K .......... .......... .......... .......... .......... 54% 99.8M 0s
 17550K .......... .......... .......... .......... .......... 54%  104M 0s
 17600K .......... .......... .......... .......... .......... 54% 93.2M 0s
 17650K .......... .......... .......... .......... .......... 54% 65.7M 0s
 17700K .......... .......... .......... .......... .......... 54% 91.8M 0s
 17750K .......... .......... .......... .......... .......... 54%  103M 0s
 17800K .......... .......... .......... .......... .......... 55%  113M 0s
 17850K .......... .......... .......... .......... .......... 55%  111M 0s
 17900K .......... .......... .......... .......... .......... 55% 84.3M 0s
 17950K .......... .......... .......... .......... .......... 55% 64.3M 0s
 18000K .......... .......... .......... .......... .......... 55% 85.7M 0s
 18050K .......... .......... .......... .......... .......... 55%  104M 0s
 18100K .......... .......... .......... .......... .......... 56% 6.05M 0s
 18150K .......... .......... .......... .......... .......... 56% 96.3M 0s
 18200K .......... .......... .......... .......... .......... 56% 90.0M 0s
 18250K .......... .......... .......... .......... .......... 56% 74.7M 0s
 18300K .......... .......... .......... .......... .......... 56% 82.7M 0s
 18350K .......... .......... .......... .......... .......... 56% 94.5M 0s
 18400K .......... .......... .......... .......... .......... 56%  104M 0s
 18450K .......... .......... .......... .......... .......... 57% 92.9M 0s
 18500K .......... .......... .......... .......... .......... 57% 30.4M 0s
 18550K .......... .......... .......... .......... .......... 57% 78.8M 0s
 18600K .......... .......... .......... .......... .......... 57% 59.0M 0s
 18650K .......... .......... .......... .......... .......... 57% 81.0M 0s
 18700K .......... .......... .......... .......... .......... 57% 66.8M 0s
 18750K .......... .......... .......... .......... .......... 58% 73.2M 0s
 18800K .......... .......... .......... .......... .......... 58% 60.6M 0s
 18850K .......... .......... .......... .......... .......... 58% 36.5M 0s
 18900K .......... .......... .......... .......... .......... 58% 65.0M 0s
 18950K .......... .......... .......... .......... .......... 58% 76.5M 0s
 19000K .......... .......... .......... .......... .......... 58% 7.16M 0s
 19050K .......... .......... .......... .......... .......... 58% 33.5M 0s
 19100K .......... .......... .......... .......... .......... 59% 67.7M 0s
 19150K .......... .......... .......... .......... .......... 59% 36.3M 0s
 19200K .......... .......... .......... .......... .......... 59% 65.5M 0s
 19250K .......... .......... .......... .......... .......... 59% 40.9M 0s
 19300K .......... .......... .......... .......... .......... 59% 36.5M 0s
 19350K .......... .......... .......... .......... .......... 59% 76.0M 0s
 19400K .......... .......... .......... .......... .......... 60% 81.2M 0s
 19450K .......... .......... .......... .......... .......... 60% 5.49M 0s
 19500K .......... .......... .......... .......... .......... 60%  112M 0s
 19550K .......... .......... .......... .......... .......... 60%  123M 0s
 19600K .......... .......... .......... .......... .......... 60%  107M 0s
 19650K .......... .......... .......... .......... .......... 60%  108M 0s
 19700K .......... .......... .......... .......... .......... 60%  109M 0s
 19750K .......... .......... .......... .......... .......... 61%  103M 0s
 19800K .......... .......... .......... .......... .......... 61%  107M 0s
 19850K .......... .......... .......... .......... .......... 61%  108M 0s
 19900K .......... .......... .......... .......... .......... 61%  102M 0s
 19950K .......... .......... .......... .......... .......... 61%  101M 0s
 20000K .......... .......... .......... .......... .......... 61% 32.3M 0s
 20050K .......... .......... .......... .......... .......... 62% 58.6M 0s
 20100K .......... .......... .......... .......... .......... 62% 40.3M 0s
 20150K .......... .......... .......... .......... .......... 62% 76.9M 0s
 20200K .......... .......... .......... .......... .......... 62% 99.9M 0s
 20250K .......... .......... .......... .......... .......... 62% 97.7M 0s
 20300K .......... .......... .......... .......... .......... 62%  108M 0s
 20350K .......... .......... .......... .......... .......... 62%  109M 0s
 20400K .......... .......... .......... .......... .......... 63%  121M 0s
 20450K .......... .......... .......... .......... .......... 63%  108M 0s
 20500K .......... .......... .......... .......... .......... 63%  107M 0s
 20550K .......... .......... .......... .......... .......... 63% 90.6M 0s
 20600K .......... .......... .......... .......... .......... 63% 9.15M 0s
 20650K .......... .......... .......... .......... .......... 63% 70.6M 0s
 20700K .......... .......... .......... .......... .......... 64% 8.49M 0s
 20750K .......... .......... .......... .......... .......... 64%  108M 0s
 20800K .......... .......... .......... .......... .......... 64%  119M 0s
 20850K .......... .......... .......... .......... .......... 64% 86.2M 0s
 20900K .......... .......... .......... .......... .......... 64% 81.1M 0s
 20950K .......... .......... .......... .......... .......... 64%  104M 0s
 21000K .......... .......... .......... .......... .......... 65%  108M 0s
 21050K .......... .......... .......... .......... .......... 65%  110M 0s
 21100K .......... .......... .......... .......... .......... 65%  106M 0s
 21150K .......... .......... .......... .......... .......... 65%  107M 0s
 21200K .......... .......... .......... .......... .......... 65%  114M 0s
 21250K .......... .......... .......... .......... .......... 65%  122M 0s
 21300K .......... .......... .......... .......... .......... 65% 96.9M 0s
 21350K .......... .......... .......... .......... .......... 66% 72.9M 0s
 21400K .......... .......... .......... .......... .......... 66%  110M 0s
 21450K .......... .......... .......... .......... .......... 66%  108M 0s
 21500K .......... .......... .......... .......... .......... 66% 11.5M 0s
 21550K .......... .......... .......... .......... .......... 66%  109M 0s
 21600K .......... .......... .......... .......... .......... 66%  107M 0s
 21650K .......... .......... .......... .......... .......... 67%  123M 0s
 21700K .......... .......... .......... .......... .......... 67%  111M 0s
 21750K .......... .......... .......... .......... .......... 67%  108M 0s
 21800K .......... .......... .......... .......... .......... 67%  105M 0s
 21850K .......... .......... .......... .......... .......... 67%  109M 0s
 21900K .......... .......... .......... .......... .......... 67% 97.5M 0s
 21950K .......... .......... .......... .......... .......... 67% 73.5M 0s
 22000K .......... .......... .......... .......... .......... 68%  107M 0s
 22050K .......... .......... .......... .......... .......... 68%  116M 0s
 22100K .......... .......... .......... .......... .......... 68%  124M 0s
 22150K .......... .......... .......... .......... .......... 68% 11.7M 0s
 22200K .......... .......... .......... .......... .......... 68%  104M 0s
 22250K .......... .......... .......... .......... .......... 68%  103M 0s
 22300K .......... .......... .......... .......... .......... 69%  106M 0s
 22350K .......... .......... .......... .......... .......... 69%  103M 0s
 22400K .......... .......... .......... .......... .......... 69% 12.1M 0s
 22450K .......... .......... .......... .......... .......... 69%  107M 0s
 22500K .......... .......... .......... .......... .......... 69%  123M 0s
 22550K .......... .......... .......... .......... .......... 69% 90.6M 0s
 22600K .......... .......... .......... .......... .......... 69% 72.6M 0s
 22650K .......... .......... .......... .......... .......... 70%  106M 0s
 22700K .......... .......... .......... .......... .......... 70%  103M 0s
 22750K .......... .......... .......... .......... .......... 70%  104M 0s
 22800K .......... .......... .......... .......... .......... 70%  106M 0s
 22850K .......... .......... .......... .......... .......... 70%  110M 0s
 22900K .......... .......... .......... .......... .......... 70%  115M 0s
 22950K .......... .......... .......... .......... .......... 71%  119M 0s
 23000K .......... .......... .......... .......... .......... 71% 12.1M 0s
 23050K .......... .......... .......... .......... .......... 71%  106M 0s
 23100K .......... .......... .......... .......... .......... 71%  108M 0s
 23150K .......... .......... .......... .......... .......... 71%  106M 0s
 23200K .......... .......... .......... .......... .......... 71% 97.7M 0s
 23250K .......... .......... .......... .......... .......... 71% 69.0M 0s
 23300K .......... .......... .......... .......... .......... 72%  102M 0s
 23350K .......... .......... .......... .......... .......... 72%  122M 0s
 23400K .......... .......... .......... .......... .......... 72%  104M 0s
 23450K .......... .......... .......... .......... .......... 72%  109M 0s
 23500K .......... .......... .......... .......... .......... 72%  108M 0s
 23550K .......... .......... .......... .......... .......... 72%  106M 0s
 23600K .......... .......... .......... .......... .......... 73% 11.5M 0s
 23650K .......... .......... .......... .......... .......... 73% 98.2M 0s
 23700K .......... .......... .......... .......... .......... 73%  106M 0s
 23750K .......... .......... .......... .......... .......... 73%  115M 0s
 23800K .......... .......... .......... .......... .......... 73%  123M 0s
 23850K .......... .......... .......... .......... .......... 73%  101M 0s
 23900K .......... .......... .......... .......... .......... 73% 70.8M 0s
 23950K .......... .......... .......... .......... .......... 74%  108M 0s
 24000K .......... .......... .......... .......... .......... 74%  105M 0s
 24050K .......... .......... .......... .......... .......... 74%  101M 0s
 24100K .......... .......... .......... .......... .......... 74%  108M 0s
 24150K .......... .......... .......... .......... .......... 74%  107M 0s
 24200K .......... .......... .......... .......... .......... 74%  123M 0s
 24250K .......... .......... .......... .......... .......... 75%  108M 0s
 24300K .......... .......... .......... .......... .......... 75% 10.4M 0s
 24350K .......... .......... .......... .......... .......... 75%  107M 0s
 24400K .......... .......... .......... .......... .......... 75% 94.8M 0s
 24450K .......... .......... .......... .......... .......... 75% 99.3M 0s
 24500K .......... .......... .......... .......... .......... 75% 90.9M 0s
 24550K .......... .......... .......... .......... .......... 75% 73.2M 0s
 24600K .......... .......... .......... .......... .......... 76%  113M 0s
 24650K .......... .......... .......... .......... .......... 76%  121M 0s
 24700K .......... .......... .......... .......... .......... 76%  106M 0s
 24750K .......... .......... .......... .......... .......... 76%  105M 0s
 24800K .......... .......... .......... .......... .......... 76%  102M 0s
 24850K .......... .......... .......... .......... .......... 76%  100M 0s
 24900K .......... .......... .......... .......... .......... 77%  105M 0s
 24950K .......... .......... .......... .......... .......... 77%  106M 0s
 25000K .......... .......... .......... .......... .......... 77%  102M 0s
 25050K .......... .......... .......... .......... .......... 77% 8.42M 0s
 25100K .......... .......... .......... .......... .......... 77% 70.7M 0s
 25150K .......... .......... .......... .......... .......... 77% 63.6M 0s
 25200K .......... .......... .......... .......... .......... 77% 8.56M 0s
 25250K .......... .......... .......... .......... .......... 78% 94.6M 0s
 25300K .......... .......... .......... .......... .......... 78% 30.7M 0s
 25350K .......... .......... .......... .......... .......... 78% 68.4M 0s
 25400K .......... .......... .......... .......... .......... 78% 71.2M 0s
 25450K .......... .......... .......... .......... .......... 78% 75.7M 0s
 25500K .......... .......... .......... .......... .......... 78% 38.0M 0s
 25550K .......... .......... .......... .......... .......... 79% 92.8M 0s
 25600K .......... .......... .......... .......... .......... 79% 75.8M 0s
 25650K .......... .......... .......... .......... .......... 79% 69.8M 0s
 25700K .......... .......... .......... .......... .......... 79% 39.7M 0s
 25750K .......... .......... .......... .......... .......... 79% 5.16M 0s
 25800K .......... .......... .......... .......... .......... 79%  106M 0s
 25850K .......... .......... .......... .......... .......... 79%  100M 0s
 25900K .......... .......... .......... .......... .......... 80% 91.0M 0s
 25950K .......... .......... .......... .......... .......... 80% 77.0M 0s
 26000K .......... .......... .......... .......... .......... 80% 42.4M 0s
 26050K .......... .......... .......... .......... .......... 80% 72.7M 0s
 26100K .......... .......... .......... .......... .......... 80% 41.8M 0s
 26150K .......... .......... .......... .......... .......... 80% 81.5M 0s
 26200K .......... .......... .......... .......... .......... 81% 95.0M 0s
 26250K .......... .......... .......... .......... .......... 81%  111M 0s
 26300K .......... .......... .......... .......... .......... 81%  114M 0s
 26350K .......... .......... .......... .......... .......... 81%  124M 0s
 26400K .......... .......... .......... .......... .......... 81%  106M 0s
 26450K .......... .......... .......... .......... .......... 81%  109M 0s
 26500K .......... .......... .......... .......... .......... 81%  109M 0s
 26550K .......... .......... .......... .......... .......... 82%  106M 0s
 26600K .......... .......... .......... .......... .......... 82%  102M 0s
 26650K .......... .......... .......... .......... .......... 82% 39.4M 0s
 26700K .......... .......... .......... .......... .......... 82% 74.2M 0s
 26750K .......... .......... .......... .......... .......... 82% 77.8M 0s
 26800K .......... .......... .......... .......... .......... 82% 43.7M 0s
 26850K .......... .......... .......... .......... .......... 83% 73.2M 0s
 26900K .......... .......... .......... .......... .......... 83%  109M 0s
 26950K .......... .......... .......... .......... .......... 83%  110M 0s
 27000K .......... .......... .......... .......... .......... 83% 6.57M 0s
 27050K .......... .......... .......... .......... .......... 83%  106M 0s
 27100K .......... .......... .......... .......... .......... 83%  110M 0s
 27150K .......... .......... .......... .......... .......... 83%  110M 0s
 27200K .......... .......... .......... .......... .......... 84%  125M 0s
 27250K .......... .......... .......... .......... .......... 84%  107M 0s
 27300K .......... .......... .......... .......... .......... 84%  105M 0s
 27350K .......... .......... .......... .......... .......... 84%  103M 0s
 27400K .......... .......... .......... .......... .......... 84% 36.0M 0s
 27450K .......... .......... .......... .......... .......... 84% 78.3M 0s
 27500K .......... .......... .......... .......... .......... 85% 69.0M 0s
 27550K .......... .......... .......... .......... .......... 85% 43.7M 0s
 27600K .......... .......... .......... .......... .......... 85% 93.4M 0s
 27650K .......... .......... .......... .......... .......... 85%  108M 0s
 27700K .......... .......... .......... .......... .......... 85%  110M 0s
 27750K .......... .......... .......... .......... .......... 85%  109M 0s
 27800K .......... .......... .......... .......... .......... 86%  105M 0s
 27850K .......... .......... .......... .......... .......... 86%  110M 0s
 27900K .......... .......... .......... .......... .......... 86%  109M 0s
 27950K .......... .......... .......... .......... .......... 86%  111M 0s
 28000K .......... .......... .......... .......... .......... 86%  117M 0s
 28050K .......... .......... .......... .......... .......... 86%  126M 0s
 28100K .......... .......... .......... .......... .......... 86% 5.68M 0s
 28150K .......... .......... .......... .......... .......... 87%  102M 0s
 28200K .......... .......... .......... .......... .......... 87%  110M 0s
 28250K .......... .......... .......... .......... .......... 87%  104M 0s
 28300K .......... .......... .......... .......... .......... 87%  108M 0s
 28350K .......... .......... .......... .......... .......... 87%  109M 0s
 28400K .......... .......... .......... .......... .......... 87%  109M 0s
 28450K .......... .......... .......... .......... .......... 88%  125M 0s
 28500K .......... .......... .......... .......... .......... 88%  108M 0s
 28550K .......... .......... .......... .......... .......... 88%  108M 0s
 28600K .......... .......... .......... .......... .......... 88%  110M 0s
 28650K .......... .......... .......... .......... .......... 88%  108M 0s
 28700K .......... .......... .......... .......... .......... 88%  103M 0s
 28750K .......... .......... .......... .......... .......... 88%  108M 0s
 28800K .......... .......... .......... .......... .......... 89%  108M 0s
 28850K .......... .......... .......... .......... .......... 89%  115M 0s
 28900K .......... .......... .......... .......... .......... 89%  124M 0s
 28950K .......... .......... .......... .......... .......... 89%  107M 0s
 29000K .......... .......... .......... .......... .......... 89%  109M 0s
 29050K .......... .......... .......... .......... .......... 89%  109M 0s
 29100K .......... .......... .......... .......... .......... 90%  107M 0s
 29150K .......... .......... .......... .......... .......... 90%  104M 0s
 29200K .......... .......... .......... .......... .......... 90%  109M 0s
 29250K .......... .......... .......... .......... .......... 90%  108M 0s
 29300K .......... .......... .......... .......... .......... 90%  124M 0s
 29350K .......... .......... .......... .......... .......... 90%  110M 0s
 29400K .......... .......... .......... .......... .......... 90%  108M 0s
 29450K .......... .......... .......... .......... .......... 91%  109M 0s
 29500K .......... .......... .......... .......... .......... 91% 6.47M 0s
 29550K .......... .......... .......... .......... .......... 91%  107M 0s
 29600K .......... .......... .......... .......... .......... 91%  105M 0s
 29650K .......... .......... .......... .......... .......... 91%  107M 0s
 29700K .......... .......... .......... .......... .......... 91%  109M 0s
 29750K .......... .......... .......... .......... .......... 92%  120M 0s
 29800K .......... .......... .......... .......... .......... 92%  109M 0s
 29850K .......... .......... .......... .......... .......... 92%  109M 0s
 29900K .......... .......... .......... .......... .......... 92%  105M 0s
 29950K .......... .......... .......... .......... .......... 92%  107M 0s
 30000K .......... .......... .......... .......... .......... 92%  107M 0s
 30050K .......... .......... .......... .......... .......... 92%  108M 0s
 30100K .......... .......... .......... .......... .......... 93%  108M 0s
 30150K .......... .......... .......... .......... .......... 93%  115M 0s
 30200K .......... .......... .......... .......... .......... 93%  108M 0s
 30250K .......... .......... .......... .......... .......... 93%  106M 0s
 30300K .......... .......... .......... .......... .......... 93%  108M 0s
 30350K .......... .......... .......... .......... .......... 93%  109M 0s
 30400K .......... .......... .......... .......... .......... 94%  106M 0s
 30450K .......... .......... .......... .......... .......... 94%  108M 0s
 30500K .......... .......... .......... .......... .......... 94%  108M 0s
 30550K .......... .......... .......... .......... .......... 94%  114M 0s
 30600K .......... .......... .......... .......... .......... 94%  117M 0s
 30650K .......... .......... .......... .......... .......... 94%  108M 0s
 30700K .......... .......... .......... .......... .......... 94%  108M 0s
 30750K .......... .......... .......... .......... .......... 95%  110M 0s
 30800K .......... .......... .......... .......... .......... 95%  109M 0s
 30850K .......... .......... .......... .......... .......... 95% 5.51M 0s
 30900K .......... .......... .......... .......... .......... 95%  101M 0s
 30950K .......... .......... .......... .......... .......... 95%  106M 0s
 31000K .......... .......... .......... .......... .......... 95%  111M 0s
 31050K .......... .......... .......... .......... .......... 96%  105M 0s
 31100K .......... .......... .......... .......... .......... 96%  107M 0s
 31150K .......... .......... .......... .......... .......... 96%  107M 0s
 31200K .......... .......... .......... .......... .......... 96%  105M 0s
 31250K .......... .......... .......... .......... .......... 96%  104M 0s
 31300K .......... .......... .......... .......... .......... 96%  108M 0s
 31350K .......... .......... .......... .......... .......... 96%  106M 0s
 31400K .......... .......... .......... .......... .......... 97%  113M 0s
 31450K .......... .......... .......... .......... .......... 97%  108M 0s
 31500K .......... .......... .......... .......... .......... 97%  105M 0s
 31550K .......... .......... .......... .......... .......... 97%  107M 0s
 31600K .......... .......... .......... .......... .......... 97%  107M 0s
 31650K .......... .......... .......... .......... .......... 97%  106M 0s
 31700K .......... .......... .......... .......... .......... 98%  106M 0s
 31750K .......... .......... .......... .......... .......... 98%  107M 0s
 31800K .......... .......... .......... .......... .......... 98%  105M 0s
 31850K .......... .......... .......... .......... .......... 98%  113M 0s
 31900K .......... .......... .......... .......... .......... 98%  106M 0s
 31950K .......... .......... .......... .......... .......... 98%  106M 0s
 32000K .......... .......... .......... .......... .......... 98%  107M 0s
 32050K .......... .......... .......... .......... .......... 99%  107M 0s
 32100K .......... .......... .......... .......... .......... 99%  105M 0s
 32150K .......... .......... .......... .......... .......... 99%  106M 0s
 32200K .......... .......... .......... .......... .......... 99%  106M 0s
 32250K .......... .......... .......... .......... .......... 99%  107M 0s
 32300K .......... .......... .......... .......... .......... 99% 7.35M 0s
 32350K .......... .......... .......... ..                   100% 87.7M=0.6s

2022-02-28 00:31:45 (50.1 MB/s) - ‘/tmp/platform-engine.zip’ saved [33159192/33159192]

Archive:  /tmp/platform-engine.zip
  inflating: /opt/elasticbeanstalk/bin/platform-engine  
  inflating: /opt/elasticbeanstalk/bin/publishlogs  
  inflating: /opt/elasticbeanstalk/bin/get-config  
  inflating: /opt/elasticbeanstalk/bin/pkg-repo  
  inflating: /opt/elasticbeanstalk/bin/ebdockerstart  
  inflating: /opt/elasticbeanstalk/config/private/aws-eb-command-handler.conf  
  inflating: /opt/elasticbeanstalk/config/private/aws-eb.target  
  inflating: /opt/elasticbeanstalk/config/private/beanstalk-magic  
  inflating: /opt/elasticbeanstalk/config/private/cfn-hup-wrapper  
  inflating: /opt/elasticbeanstalk/config/private/cfn-hup.conf.template  
  inflating: /opt/elasticbeanstalk/config/private/containercommandsupport/container-defaults.sh  
  inflating: /opt/elasticbeanstalk/config/private/containercommandsupport/leader-test.sh  
  inflating: /opt/elasticbeanstalk/config/private/eb-banner  
  inflating: /opt/elasticbeanstalk/config/private/guidlocking/repo.py  
  inflating: /opt/elasticbeanstalk/config/private/healthd/config.yaml.template  
  inflating: /opt/elasticbeanstalk/config/private/healthd/healthd_httpd.conf  
  inflating: /opt/elasticbeanstalk/config/private/healthd/healthd_logformat.conf  
  inflating: /opt/elasticbeanstalk/config/private/healthd/healthd_nginx.conf  
  inflating: /opt/elasticbeanstalk/config/private/healthd/healthddependency  
  inflating: /opt/elasticbeanstalk/config/private/healthd/logcleanup-cron.template  
  inflating: /opt/elasticbeanstalk/config/private/httpd/applicationport.conf.template  
  inflating: /opt/elasticbeanstalk/config/private/httpd/gzip.conf  
  inflating: /opt/elasticbeanstalk/config/private/httpd/httpd.conf.template  
  inflating: /opt/elasticbeanstalk/config/private/httpd/staticfilesmapping.conf.template  
  inflating: /opt/elasticbeanstalk/config/private/logrotate/logrotate-cron.template  
  inflating: /opt/elasticbeanstalk/config/private/logrotate/logrotate.template  
  inflating: /opt/elasticbeanstalk/config/private/logtasks/cron/publishlogs  
  inflating: /opt/elasticbeanstalk/config/private/nginx/applicationport.conf.template  
  inflating: /opt/elasticbeanstalk/config/private/nginx/nginx.conf.template  
  inflating: /opt/elasticbeanstalk/config/private/nginx/staticfilesmapping.conf.template  
  inflating: /opt/elasticbeanstalk/config/private/nginx/elasticbeanstalk-nginx-docker-upstream.template  
  inflating: /opt/elasticbeanstalk/config/private/nginx/nginx.template  
 extracting: /opt/elasticbeanstalk/config/private/restartcfn.sh  
  inflating: /opt/elasticbeanstalk/config/private/restartcloudwatchagent.sh  
  inflating: /opt/elasticbeanstalk/config/private/rsyslog.conf.template  
  inflating: /opt/elasticbeanstalk/config/private/ruby_common_env  
  inflating: /opt/elasticbeanstalk/config/private/sqsd/default.yaml.template  
  inflating: /opt/elasticbeanstalk/config/private/sqsd/sqsdversion.json  
  inflating: /opt/elasticbeanstalk/config/private/systemd-append.template  
  inflating: /opt/elasticbeanstalk/config/private/systemd.template  
  inflating: /opt/elasticbeanstalk/config/private/docker-log.conf  
  inflating: /opt/elasticbeanstalk/config/private/docker-rsyslog.conf  
  inflating: /opt/elasticbeanstalk/config/private/docker.logrotate.conf.template  
 extracting: /opt/elasticbeanstalk/config/private/dockerfile.template  
  inflating: /opt/elasticbeanstalk/config/private/eb-docker-log-sort  
  inflating: /opt/elasticbeanstalk/config/private/eb-docker-log-start  
  inflating: /opt/elasticbeanstalk/config/private/eb-docker-stop  
  inflating: /opt/elasticbeanstalk/tasks/bundlelogs.d/cfn-system.conf  
 extracting: /opt/elasticbeanstalk/tasks/bundlelogs.d/cloud-init-system.conf  
  inflating: /opt/elasticbeanstalk/tasks/bundlelogs.d/eb-app.conf  
 extracting: /opt/elasticbeanstalk/tasks/bundlelogs.d/eb-hooks.conf  
  inflating: /opt/elasticbeanstalk/tasks/bundlelogs.d/eb-system.conf  
 extracting: /opt/elasticbeanstalk/tasks/bundlelogs.d/rotate.conf  
  inflating: /opt/elasticbeanstalk/tasks/bundlelogs.d/system.conf  
 extracting: /opt/elasticbeanstalk/tasks/publishlogs.d/eb-app.conf  
  inflating: /opt/elasticbeanstalk/tasks/taillogs.d/eb-engine.conf  
[2022-02-28T00:31:54.266Z] Successfully bootstrapped instance.
[2022-02-28T00:31:54.272Z] Sending signal 0 to CFN wait condition https://cloudformation-waitcondition-us-east-2.s3.us-east-2.amazonaws.com/arn%3Aaws%3Acloudformation%3Aus-east-2%3A765477932160%3Astack/awseb-e-hqw6zumzfp-stack/a12e7750-982d-11ec-943c-0aa36f14ef94/AWSEBInstanceLaunchWaitHandle?X-Amz-Algorithm=AWS4-HMAC-SHA256&X-Amz-Date=20220228T003033Z&X-Amz-SignedHeaders=host&X-Amz-Expires=86399&X-Amz-Credential=AKIAVRFIPK6PBGAVDDLE%2F20220228%2Fus-east-2%2Fs3%2Faws4_request&X-Amz-Signature=a01ecf1c8d882220b2d75c57d929671acd3018a92152290c22ed145ea4df2bff
CloudFormation signaled successfully with %s.
[2022-02-28T00:31:54.615Z] Tailing /var/log/eb-commandprocessor.log

******************* eb-commandprocessor taillog *******************
***eb-commandprocessor is not available yet.***
******************* End of taillog *******************


[2022-02-28T00:31:54.627Z] Tailing /var/log/eb-activity.log

******************* eb-activity taillog *******************
***eb-activity is not available yet.***
******************* End of taillog *******************


[2022-02-28T00:31:54.635Z] Tailing /var/log/eb-tools.log

******************* eb-tools taillog *******************
***eb-tools is not available yet.***
******************* End of taillog *******************


[2022-02-28T00:31:54.644Z] Tailing /var/log/eb-version-deployment.log

******************* eb-version-deployment taillog *******************
***eb-version-deployment is not available yet.***
******************* End of taillog *******************


[2022-02-28T00:31:54.657Z] Tailing /var/log/cfn-init.log

******************* cfn-init taillog *******************
2022-02-28 00:31:44,020 [INFO] -----------------------Starting build-----------------------
2022-02-28 00:31:44,026 [INFO] Running configSets: _OnInstanceBoot
2022-02-28 00:31:44,029 [INFO] Running configSet _OnInstanceBoot
2022-02-28 00:31:44,032 [INFO] Running config AWSEBBaseConfig
2022-02-28 00:31:44,193 [INFO] Command clearbackupfiles succeeded
2022-02-28 00:31:44,197 [INFO] Running config AWSEBCfnHupEndpointOverride
2022-02-28 00:31:44,201 [INFO] Command clearbackupfiles succeeded
2022-02-28 00:31:44,202 [INFO] ConfigSets completed
2022-02-28 00:31:44,202 [INFO] -----------------------Build complete-----------------------
******************* End of taillog *******************


[2022-02-28T00:31:54.681Z] Tailing /var/log/cfn-hup.log

******************* cfn-hup taillog *******************
2022-02-28 00:31:49,877 [DEBUG] CloudFormation client initialized with endpoint https://cloudformation.us-east-2.amazonaws.com
2022-02-28 00:31:49,877 [DEBUG] SQS client initialized with endpoint https://sqs.us-east-2.amazonaws.com
2022-02-28 00:31:49,878 [DEBUG] CloudFormation client initialized with endpoint https://cloudformation.us-east-2.amazonaws.com
2022-02-28 00:31:49,878 [DEBUG] Enabled single threading mode.
2022-02-28 00:31:49,878 [DEBUG] Creating /var/lib/cfn-hup/data
2022-02-28 00:31:49,930 [INFO] No umask value specified in config file. Using the default one: 0o22
2022-02-28 00:31:50,630 [INFO] Refreshing listener credentials
2022-02-28 00:31:50,735 [INFO] Scheduling next credential refresh in 1799.0 seconds
******************* End of taillog *******************


+ RESULT=0
+ [[ 0 -ne 0 ]]
+ exit 0
[2022-02-28T00:31:54.700Z] Completed EB Bootstrapping Script.
